<?xml version="1.0" encoding="UTF-8"?>
<testng-results skipped="0" failed="0" total="6" passed="6">
  <reporter-output>
  </reporter-output>
  <suite name="Suite" duration-ms="78" started-at="2016-03-16T18:00:46Z" finished-at="2016-03-16T18:00:46Z">
    <groups>
    </groups>
    <test name="Test1" duration-ms="16" started-at="2016-03-16T18:00:46Z" finished-at="2016-03-16T18:00:46Z">
      <class name="TestClass2">
        <test-method status="PASS" signature="beforeTest()[pri:0, instance:TestClass2@818063]" name="beforeTest" is-config="true" duration-ms="0" started-at="2016-03-16T15:00:46Z" finished-at="2016-03-16T15:00:46Z">
          <reporter-output>
          </reporter-output>
        </test-method> <!-- beforeTest -->
        <test-method status="PASS" signature="beforeClass()[pri:0, instance:TestClass2@818063]" name="beforeClass" is-config="true" duration-ms="0" started-at="2016-03-16T15:00:46Z" finished-at="2016-03-16T15:00:46Z">
          <reporter-output>
          </reporter-output>
        </test-method> <!-- beforeClass -->
        <test-method status="PASS" signature="beforeMethod()[pri:0, instance:TestClass2@818063]" name="beforeMethod" is-config="true" duration-ms="1" started-at="2016-03-16T15:00:46Z" finished-at="2016-03-16T15:00:46Z">
          <reporter-output>
          </reporter-output>
        </test-method> <!-- beforeMethod -->
        <test-method status="PASS" signature="testMethod3()[pri:0, instance:TestClass2@818063]" name="testMethod3" duration-ms="0" started-at="2016-03-16T15:00:46Z" finished-at="2016-03-16T15:00:46Z">
          <reporter-output>
          </reporter-output>
        </test-method> <!-- testMethod3 -->
        <test-method status="PASS" signature="testMethod4()[pri:0, instance:TestClass2@818063]" name="testMethod4" duration-ms="0" started-at="2016-03-16T15:00:46Z" finished-at="2016-03-16T15:00:46Z">
          <reporter-output>
          </reporter-output>
        </test-method> <!-- testMethod4 -->
        <test-method status="PASS" signature="afterClass()[pri:0, instance:TestClass2@818063]" name="afterClass" is-config="true" duration-ms="0" started-at="2016-03-16T15:00:46Z" finished-at="2016-03-16T15:00:46Z">
          <reporter-output>
          </reporter-output>
        </test-method> <!-- afterClass -->
        <test-method status="PASS" signature="afterMethod()[pri:0, instance:TestClass2@818063]" name="afterMethod" is-config="true" duration-ms="0" started-at="2016-03-16T15:00:46Z" finished-at="2016-03-16T15:00:46Z">
          <reporter-output>
          </reporter-output>
        </test-method> <!-- afterMethod -->
        <test-method status="PASS" signature="afterMethod()[pri:0, instance:TestClass2@818063]" name="afterMethod" is-config="true" duration-ms="0" started-at="2016-03-16T15:00:46Z" finished-at="2016-03-16T15:00:46Z">
          <reporter-output>
          </reporter-output>
        </test-method> <!-- afterMethod -->
        <test-method status="PASS" signature="beforeMethod()[pri:0, instance:TestClass2@818063]" name="beforeMethod" is-config="true" duration-ms="0" started-at="2016-03-16T15:00:46Z" finished-at="2016-03-16T15:00:46Z">
          <reporter-output>
          </reporter-output>
        </test-method> <!-- beforeMethod -->
        <test-method status="PASS" signature="afterTest()[pri:0, instance:TestClass2@818063]" name="afterTest" is-config="true" duration-ms="1" started-at="2016-03-16T15:00:46Z" finished-at="2016-03-16T15:00:46Z">
          <reporter-output>
          </reporter-output>
        </test-method> <!-- afterTest -->
      </class> <!-- TestClass2 -->
    </test> <!-- Test1 -->
    <test name="Test2" duration-ms="3" started-at="2016-03-16T18:00:46Z" finished-at="2016-03-16T18:00:46Z">
      <class name="TestClass2">
        <test-method status="PASS" signature="afterMethod()[pri:0, instance:TestClass2@1c68925]" name="afterMethod" is-config="true" duration-ms="0" started-at="2016-03-16T15:00:46Z" finished-at="2016-03-16T15:00:46Z">
          <reporter-output>
          </reporter-output>
        </test-method> <!-- afterMethod -->
        <test-method status="PASS" signature="beforeClass()[pri:0, instance:TestClass2@1c68925]" name="beforeClass" is-config="true" duration-ms="0" started-at="2016-03-16T15:00:46Z" finished-at="2016-03-16T15:00:46Z">
          <reporter-output>
          </reporter-output>
        </test-method> <!-- beforeClass -->
        <test-method status="PASS" signature="afterMethod()[pri:0, instance:TestClass2@1c68925]" name="afterMethod" is-config="true" duration-ms="1" started-at="2016-03-16T15:00:46Z" finished-at="2016-03-16T15:00:46Z">
          <reporter-output>
          </reporter-output>
        </test-method> <!-- afterMethod -->
        <test-method status="PASS" signature="testMethod3()[pri:0, instance:TestClass2@1c68925]" name="testMethod3" duration-ms="0" started-at="2016-03-16T15:00:46Z" finished-at="2016-03-16T15:00:46Z">
          <reporter-output>
          </reporter-output>
        </test-method> <!-- testMethod3 -->
        <test-method status="PASS" signature="beforeMethod()[pri:0, instance:TestClass2@1c68925]" name="beforeMethod" is-config="true" duration-ms="0" started-at="2016-03-16T15:00:46Z" finished-at="2016-03-16T15:00:46Z">
          <reporter-output>
          </reporter-output>
        </test-method> <!-- beforeMethod -->
        <test-method status="PASS" signature="testMethod4()[pri:0, instance:TestClass2@1c68925]" name="testMethod4" duration-ms="0" started-at="2016-03-16T15:00:46Z" finished-at="2016-03-16T15:00:46Z">
          <reporter-output>
          </reporter-output>
        </test-method> <!-- testMethod4 -->
        <test-method status="PASS" signature="beforeMethod()[pri:0, instance:TestClass2@1c68925]" name="beforeMethod" is-config="true" duration-ms="0" started-at="2016-03-16T15:00:46Z" finished-at="2016-03-16T15:00:46Z">
          <reporter-output>
          </reporter-output>
        </test-method> <!-- beforeMethod -->
        <test-method status="PASS" signature="afterClass()[pri:0, instance:TestClass2@1c68925]" name="afterClass" is-config="true" duration-ms="0" started-at="2016-03-16T15:00:46Z" finished-at="2016-03-16T15:00:46Z">
          <reporter-output>
          </reporter-output>
        </test-method> <!-- afterClass -->
      </class> <!-- TestClass2 -->
      <class name="TestClass1">
        <test-method status="PASS" signature="beforeSuite()[pri:0, instance:TestClass1@1dfb72a]" name="beforeSuite" is-config="true" duration-ms="10" started-at="2016-03-16T15:00:46Z" finished-at="2016-03-16T15:00:46Z">
          <reporter-output>
          </reporter-output>
        </test-method> <!-- beforeSuite -->
        <test-method status="PASS" signature="beforeMethod()[pri:0, instance:TestClass1@1dfb72a]" name="beforeMethod" is-config="true" duration-ms="1" started-at="2016-03-16T15:00:46Z" finished-at="2016-03-16T15:00:46Z">
          <reporter-output>
          </reporter-output>
        </test-method> <!-- beforeMethod -->
        <test-method status="PASS" signature="beforeClass()[pri:0, instance:TestClass1@1dfb72a]" name="beforeClass" is-config="true" duration-ms="0" started-at="2016-03-16T15:00:46Z" finished-at="2016-03-16T15:00:46Z">
          <reporter-output>
          </reporter-output>
        </test-method> <!-- beforeClass -->
        <test-method status="PASS" signature="beforeTest()[pri:0, instance:TestClass1@1dfb72a]" name="beforeTest" is-config="true" duration-ms="0" started-at="2016-03-16T15:00:46Z" finished-at="2016-03-16T15:00:46Z">
          <reporter-output>
          </reporter-output>
        </test-method> <!-- beforeTest -->
        <test-method status="PASS" signature="testMethod2()[pri:0, instance:TestClass1@1dfb72a]" name="testMethod2" duration-ms="0" started-at="2016-03-16T15:00:46Z" finished-at="2016-03-16T15:00:46Z">
          <reporter-output>
          </reporter-output>
        </test-method> <!-- testMethod2 -->
        <test-method status="PASS" signature="testMethod1()[pri:0, instance:TestClass1@1dfb72a]" name="testMethod1" duration-ms="0" started-at="2016-03-16T15:00:46Z" finished-at="2016-03-16T15:00:46Z">
          <reporter-output>
          </reporter-output>
        </test-method> <!-- testMethod1 -->
        <test-method status="PASS" signature="beforeMethod()[pri:0, instance:TestClass1@1dfb72a]" name="beforeMethod" is-config="true" duration-ms="0" started-at="2016-03-16T15:00:46Z" finished-at="2016-03-16T15:00:46Z">
          <reporter-output>
          </reporter-output>
        </test-method> <!-- beforeMethod -->
        <test-method status="PASS" signature="afterClass()[pri:0, instance:TestClass1@1dfb72a]" name="afterClass" is-config="true" duration-ms="0" started-at="2016-03-16T15:00:46Z" finished-at="2016-03-16T15:00:46Z">
          <reporter-output>
          </reporter-output>
        </test-method> <!-- afterClass -->
        <test-method status="PASS" signature="afterMethod()[pri:0, instance:TestClass1@1dfb72a]" name="afterMethod" is-config="true" duration-ms="0" started-at="2016-03-16T15:00:46Z" finished-at="2016-03-16T15:00:46Z">
          <reporter-output>
          </reporter-output>
        </test-method> <!-- afterMethod -->
        <test-method status="PASS" signature="afterMethod()[pri:0, instance:TestClass1@1dfb72a]" name="afterMethod" is-config="true" duration-ms="0" started-at="2016-03-16T15:00:46Z" finished-at="2016-03-16T15:00:46Z">
          <reporter-output>
          </reporter-output>
        </test-method> <!-- afterMethod -->
        <test-method status="PASS" signature="afterTest()[pri:0, instance:TestClass1@1dfb72a]" name="afterTest" is-config="true" duration-ms="0" started-at="2016-03-16T15:00:46Z" finished-at="2016-03-16T15:00:46Z">
          <reporter-output>
          </reporter-output>
        </test-method> <!-- afterTest -->
        <test-method status="PASS" signature="afterSuite()[pri:0, instance:TestClass1@1dfb72a]" name="afterSuite" is-config="true" duration-ms="0" started-at="2016-03-16T15:00:46Z" finished-at="2016-03-16T15:00:46Z">
          <reporter-output>
          </reporter-output>
        </test-method> <!-- afterSuite -->
      </class> <!-- TestClass1 -->
    </test> <!-- Test2 -->
  </suite> <!-- Suite -->
</testng-results>
