<?xml version="1.0" encoding="UTF-8"?>
<testng-results skipped="0" failed="0" total="6" passed="6">
  <reporter-output>
  </reporter-output>
  <suite name="Suite" duration-ms="70" started-at="2016-03-16T20:47:52Z" finished-at="2016-03-16T20:47:52Z">
    <groups>
    </groups>
    <test name="Test1" duration-ms="20" started-at="2016-03-16T20:47:52Z" finished-at="2016-03-16T20:47:52Z">
      <class name="TestClass2">
        <test-method status="PASS" signature="beforeTest()[pri:0, instance:TestClass2@1bd9247]" name="beforeTest" is-config="true" duration-ms="0" started-at="2016-03-16T17:47:52Z" finished-at="2016-03-16T17:47:52Z">
          <reporter-output>
          </reporter-output>
        </test-method> <!-- beforeTest -->
        <test-method status="PASS" signature="beforeClass()[pri:0, instance:TestClass2@1bd9247]" name="beforeClass" is-config="true" duration-ms="1" started-at="2016-03-16T17:47:52Z" finished-at="2016-03-16T17:47:52Z">
          <reporter-output>
          </reporter-output>
        </test-method> <!-- beforeClass -->
        <test-method status="PASS" signature="beforeMethod()[pri:0, instance:TestClass2@1bd9247]" name="beforeMethod" is-config="true" duration-ms="1" started-at="2016-03-16T17:47:52Z" finished-at="2016-03-16T17:47:52Z">
          <reporter-output>
          </reporter-output>
        </test-method> <!-- beforeMethod -->
        <test-method status="PASS" signature="testMethod3()[pri:0, instance:TestClass2@1bd9247]" name="testMethod3" duration-ms="1" started-at="2016-03-16T17:47:52Z" finished-at="2016-03-16T17:47:52Z">
          <reporter-output>
          </reporter-output>
        </test-method> <!-- testMethod3 -->
        <test-method status="PASS" signature="afterMethod()[pri:0, instance:TestClass2@1bd9247]" name="afterMethod" is-config="true" duration-ms="0" started-at="2016-03-16T17:47:52Z" finished-at="2016-03-16T17:47:52Z">
          <reporter-output>
          </reporter-output>
        </test-method> <!-- afterMethod -->
        <test-method status="PASS" signature="afterMethod()[pri:0, instance:TestClass2@1bd9247]" name="afterMethod" is-config="true" duration-ms="0" started-at="2016-03-16T17:47:52Z" finished-at="2016-03-16T17:47:52Z">
          <reporter-output>
          </reporter-output>
        </test-method> <!-- afterMethod -->
        <test-method status="PASS" signature="beforeMethod()[pri:0, instance:TestClass2@1bd9247]" name="beforeMethod" is-config="true" duration-ms="0" started-at="2016-03-16T17:47:52Z" finished-at="2016-03-16T17:47:52Z">
          <reporter-output>
          </reporter-output>
        </test-method> <!-- beforeMethod -->
        <test-method status="PASS" signature="testMethod4()[pri:0, instance:TestClass2@1bd9247]" name="testMethod4" duration-ms="0" started-at="2016-03-16T17:47:52Z" finished-at="2016-03-16T17:47:52Z">
          <reporter-output>
          </reporter-output>
        </test-method> <!-- testMethod4 -->
        <test-method status="PASS" signature="afterClass()[pri:0, instance:TestClass2@1bd9247]" name="afterClass" is-config="true" duration-ms="1" started-at="2016-03-16T17:47:52Z" finished-at="2016-03-16T17:47:52Z">
          <reporter-output>
          </reporter-output>
        </test-method> <!-- afterClass -->
        <test-method status="PASS" signature="afterTest()[pri:0, instance:TestClass2@1bd9247]" name="afterTest" is-config="true" duration-ms="0" started-at="2016-03-16T17:47:52Z" finished-at="2016-03-16T17:47:52Z">
          <reporter-output>
          </reporter-output>
        </test-method> <!-- afterTest -->
      </class> <!-- TestClass2 -->
    </test> <!-- Test1 -->
    <test name="Test2" duration-ms="4" started-at="2016-03-16T20:47:52Z" finished-at="2016-03-16T20:47:52Z">
      <class name="TestClass2">
        <test-method status="PASS" signature="beforeClass()[pri:0, instance:TestClass2@1a6e353]" name="beforeClass" is-config="true" duration-ms="0" started-at="2016-03-16T17:47:52Z" finished-at="2016-03-16T17:47:52Z">
          <reporter-output>
          </reporter-output>
        </test-method> <!-- beforeClass -->
        <test-method status="PASS" signature="afterMethod()[pri:0, instance:TestClass2@1a6e353]" name="afterMethod" is-config="true" duration-ms="0" started-at="2016-03-16T17:47:52Z" finished-at="2016-03-16T17:47:52Z">
          <reporter-output>
          </reporter-output>
        </test-method> <!-- afterMethod -->
        <test-method status="PASS" signature="testMethod3()[pri:0, instance:TestClass2@1a6e353]" name="testMethod3" duration-ms="0" started-at="2016-03-16T17:47:52Z" finished-at="2016-03-16T17:47:52Z">
          <reporter-output>
          </reporter-output>
        </test-method> <!-- testMethod3 -->
        <test-method status="PASS" signature="beforeMethod()[pri:0, instance:TestClass2@1a6e353]" name="beforeMethod" is-config="true" duration-ms="0" started-at="2016-03-16T17:47:52Z" finished-at="2016-03-16T17:47:52Z">
          <reporter-output>
          </reporter-output>
        </test-method> <!-- beforeMethod -->
        <test-method status="PASS" signature="beforeMethod()[pri:0, instance:TestClass2@1a6e353]" name="beforeMethod" is-config="true" duration-ms="1" started-at="2016-03-16T17:47:52Z" finished-at="2016-03-16T17:47:52Z">
          <reporter-output>
          </reporter-output>
        </test-method> <!-- beforeMethod -->
        <test-method status="PASS" signature="afterClass()[pri:0, instance:TestClass2@1a6e353]" name="afterClass" is-config="true" duration-ms="0" started-at="2016-03-16T17:47:52Z" finished-at="2016-03-16T17:47:52Z">
          <reporter-output>
          </reporter-output>
        </test-method> <!-- afterClass -->
        <test-method status="PASS" signature="afterMethod()[pri:0, instance:TestClass2@1a6e353]" name="afterMethod" is-config="true" duration-ms="0" started-at="2016-03-16T17:47:52Z" finished-at="2016-03-16T17:47:52Z">
          <reporter-output>
          </reporter-output>
        </test-method> <!-- afterMethod -->
        <test-method status="PASS" signature="testMethod4()[pri:0, instance:TestClass2@1a6e353]" name="testMethod4" duration-ms="0" started-at="2016-03-16T17:47:52Z" finished-at="2016-03-16T17:47:52Z">
          <reporter-output>
          </reporter-output>
        </test-method> <!-- testMethod4 -->
      </class> <!-- TestClass2 -->
      <class name="TestClass1">
        <test-method status="PASS" signature="beforeSuite()[pri:0, instance:TestClass1@124753a]" name="beforeSuite" is-config="true" duration-ms="14" started-at="2016-03-16T17:47:52Z" finished-at="2016-03-16T17:47:52Z">
          <reporter-output>
          </reporter-output>
        </test-method> <!-- beforeSuite -->
        <test-method status="PASS" signature="beforeTest()[pri:0, instance:TestClass1@124753a]" name="beforeTest" is-config="true" duration-ms="0" started-at="2016-03-16T17:47:52Z" finished-at="2016-03-16T17:47:52Z">
          <reporter-output>
          </reporter-output>
        </test-method> <!-- beforeTest -->
        <test-method status="PASS" signature="beforeClass()[pri:0, instance:TestClass1@124753a]" name="beforeClass" is-config="true" duration-ms="0" started-at="2016-03-16T17:47:52Z" finished-at="2016-03-16T17:47:52Z">
          <reporter-output>
          </reporter-output>
        </test-method> <!-- beforeClass -->
        <test-method status="PASS" signature="testMethod1()[pri:0, instance:TestClass1@124753a]" name="testMethod1" duration-ms="0" started-at="2016-03-16T17:47:52Z" finished-at="2016-03-16T17:47:52Z">
          <reporter-output>
          </reporter-output>
        </test-method> <!-- testMethod1 -->
        <test-method status="PASS" signature="beforeMethod()[pri:0, instance:TestClass1@124753a]" name="beforeMethod" is-config="true" duration-ms="0" started-at="2016-03-16T17:47:52Z" finished-at="2016-03-16T17:47:52Z">
          <reporter-output>
          </reporter-output>
        </test-method> <!-- beforeMethod -->
        <test-method status="PASS" signature="beforeMethod()[pri:0, instance:TestClass1@124753a]" name="beforeMethod" is-config="true" duration-ms="1" started-at="2016-03-16T17:47:52Z" finished-at="2016-03-16T17:47:52Z">
          <reporter-output>
          </reporter-output>
        </test-method> <!-- beforeMethod -->
        <test-method status="PASS" signature="afterMethod()[pri:0, instance:TestClass1@124753a]" name="afterMethod" is-config="true" duration-ms="0" started-at="2016-03-16T17:47:52Z" finished-at="2016-03-16T17:47:52Z">
          <reporter-output>
          </reporter-output>
        </test-method> <!-- afterMethod -->
        <test-method status="PASS" signature="afterMethod()[pri:0, instance:TestClass1@124753a]" name="afterMethod" is-config="true" duration-ms="0" started-at="2016-03-16T17:47:52Z" finished-at="2016-03-16T17:47:52Z">
          <reporter-output>
          </reporter-output>
        </test-method> <!-- afterMethod -->
        <test-method status="PASS" signature="testMethod2()[pri:0, instance:TestClass1@124753a]" name="testMethod2" duration-ms="0" started-at="2016-03-16T17:47:52Z" finished-at="2016-03-16T17:47:52Z">
          <reporter-output>
          </reporter-output>
        </test-method> <!-- testMethod2 -->
        <test-method status="PASS" signature="afterClass()[pri:0, instance:TestClass1@124753a]" name="afterClass" is-config="true" duration-ms="0" started-at="2016-03-16T17:47:52Z" finished-at="2016-03-16T17:47:52Z">
          <reporter-output>
          </reporter-output>
        </test-method> <!-- afterClass -->
        <test-method status="PASS" signature="afterTest()[pri:0, instance:TestClass1@124753a]" name="afterTest" is-config="true" duration-ms="0" started-at="2016-03-16T17:47:52Z" finished-at="2016-03-16T17:47:52Z">
          <reporter-output>
          </reporter-output>
        </test-method> <!-- afterTest -->
        <test-method status="PASS" signature="afterSuite()[pri:0, instance:TestClass1@124753a]" name="afterSuite" is-config="true" duration-ms="0" started-at="2016-03-16T17:47:52Z" finished-at="2016-03-16T17:47:52Z">
          <reporter-output>
          </reporter-output>
        </test-method> <!-- afterSuite -->
      </class> <!-- TestClass1 -->
    </test> <!-- Test2 -->
  </suite> <!-- Suite -->
</testng-results>
